# JRE version: OpenJDK Runtime Environment GraalVM CE 22.3.0 (17.0.5+8) (build 17.0.5+8-jvmci-22.3-b08)
# Java VM: OpenJDK 64-Bit Server VM GraalVM CE 22.3.0 (17.0.5+8-jvmci-22.3-b08, mixed mode, sharing, tiered, jvmci, jvmci compiler, compressed oops, compressed class ptrs, parallel gc, linux-amd64)
GC Precious Log:
 CPUs: 8 total, 1 available
 Memory: 1024M
 Large Page Support: Disabled
 NUMA Support: Disabled
 Compressed Oops: Enabled (32-bit)
 Alignments: Space 512K, Generation 512K, Heap 2M
 Heap Min Capacity: 100M
 Heap Initial Capacity: 100M
 Heap Max Capacity: 512M
 Pre-touch: Disabled
 Parallel Workers: 1
Heap:
 PSYoungGen      total 41984K, used 33792K [0x00000000f5580000, 0x00000000f9180000, 0x0000000100000000)
  eden space 33792K, 100% used [0x00000000f5580000,0x00000000f7680000,0x00000000f7680000)
  from space 8192K, 0% used [0x00000000f8980000,0x00000000f8980000,0x00000000f9180000)
  to   space 13312K, 0% used [0x00000000f7a00000,0x00000000f7a00000,0x00000000f8700000)
 ParOldGen       total 349696K, used 349695K [0x00000000e0000000, 0x00000000f5580000, 0x00000000f5580000)
  object space 349696K, 99% used [0x00000000e0000000,0x00000000f557fe68,0x00000000f5580000)
 Metaspace       used 55804K, committed 56704K, reserved 1105920K
  class space    used 5550K, committed 5952K, reserved 1048576K
GC Heap History (20 events):
Event: 2547.511 GC heap before
{Heap before GC invocations=1275 (full 1176):
 PSYoungGen      total 41984K, used 33791K [0x00000000f5580000, 0x00000000f9180000, 0x0000000100000000)
  eden space 33792K, 99% used [0x00000000f5580000,0x00000000f767fff8,0x00000000f7680000)
  from space 8192K, 0% used [0x00000000f8980000,0x00000000f8980000,0x00000000f9180000)
  to   space 13312K, 0% used [0x00000000f7a00000,0x00000000f7a00000,0x00000000f8700000)
 ParOldGen       total 349696K, used 349695K [0x00000000e0000000, 0x00000000f5580000, 0x00000000f5580000)
  object space 349696K, 99% used [0x00000000e0000000,0x00000000f557ffd0,0x00000000f5580000)
 Metaspace       used 55802K, committed 56704K, reserved 1105920K
  class space    used 5550K, committed 5952K, reserved 1048576K
}
Event: 2549.390 GC heap after
{Heap after GC invocations=1275 (full 1176):
 PSYoungGen      total 47104K, used 33791K [0x00000000f5580000, 0x00000000f9180000, 0x0000000100000000)
  eden space 33792K, 99% used [0x00000000f5580000,0x00000000f767fff8,0x00000000f7680000)
  from space 13312K, 0% used [0x00000000f7a00000,0x00000000f7a00000,0x00000000f8700000)
  to   space 8192K, 0% used [0x00000000f8980000,0x00000000f8980000,0x00000000f9180000)
 ParOldGen       total 349696K, used 349695K [0x00000000e0000000, 0x00000000f5580000, 0x00000000f5580000)
  object space 349696K, 99% used [0x00000000e0000000,0x00000000f557ffd0,0x00000000f5580000)
 Metaspace       used 55802K, committed 56704K, reserved 1105920K
  class space    used 5550K, committed 5952K, reserved 1048576K
}
Event: 2549.391 GC heap before
{Heap before GC invocations=1276 (full 1177):
 PSYoungGen      total 47104K, used 33791K [0x00000000f5580000, 0x00000000f9180000, 0x0000000100000000)
  eden space 33792K, 99% used [0x00000000f5580000,0x00000000f767fff8,0x00000000f7680000)
  from space 13312K, 0% used [0x00000000f7a00000,0x00000000f7a00000,0x00000000f8700000)
  to   space 8192K, 0% used [0x00000000f8980000,0x00000000f8980000,0x00000000f9180000)
 ParOldGen       total 349696K, used 349695K [0x00000000e0000000, 0x00000000f5580000, 0x00000000f5580000)
  object space 349696K, 99% used [0x00000000e0000000,0x00000000f557ffd0,0x00000000f5580000)
 Metaspace       used 55802K, committed 56704K, reserved 1105920K
  class space    used 5550K, committed 5952K, reserved 1048576K
}
Event: 2551.379 GC heap after
{Heap after GC invocations=1276 (full 1177):
 PSYoungGen      total 41984K, used 33791K [0x00000000f5580000, 0x00000000f9180000, 0x0000000100000000)
  eden space 33792K, 99% used [0x00000000f5580000,0x00000000f767fcb8,0x00000000f7680000)
  from space 8192K, 0% used [0x00000000f8980000,0x00000000f8980000,0x00000000f9180000)
  to   space 13312K, 0% used [0x00000000f7a00000,0x00000000f7a00000,0x00000000f8700000)
 ParOldGen       total 349696K, used 349691K [0x00000000e0000000, 0x00000000f5580000, 0x00000000f5580000)
  object space 349696K, 99% used [0x00000000e0000000,0x00000000f557ed08,0x00000000f5580000)
 Metaspace       used 55802K, committed 56704K, reserved 1105920K
  class space    used 5550K, committed 5952K, reserved 1048576K
}
Event: 2551.383 GC heap before
{Heap before GC invocations=1277 (full 1178):
 PSYoungGen      total 41984K, used 33791K [0x00000000f5580000, 0x00000000f9180000, 0x0000000100000000)
  eden space 33792K, 99% used [0x00000000f5580000,0x00000000f767fff8,0x00000000f7680000)
  from space 8192K, 0% used [0x00000000f8980000,0x00000000f8980000,0x00000000f9180000)
  to   space 13312K, 0% used [0x00000000f7a00000,0x00000000f7a00000,0x00000000f8700000)
 ParOldGen       total 349696K, used 349693K [0x00000000e0000000, 0x00000000f5580000, 0x00000000f5580000)
  object space 349696K, 99% used [0x00000000e0000000,0x00000000f557f560,0x00000000f5580000)
 Metaspace       used 55802K, committed 56704K, reserved 1105920K
  class space    used 5550K, committed 5952K, reserved 1048576K
}
Event: 2553.250 GC heap after
{Heap after GC invocations=1277 (full 1178):
 PSYoungGen      total 47104K, used 33791K [0x00000000f5580000, 0x00000000f9180000, 0x0000000100000000)
  eden space 33792K, 99% used [0x00000000f5580000,0x00000000f767fc88,0x00000000f7680000)
  from space 13312K, 0% used [0x00000000f7a00000,0x00000000f7a00000,0x00000000f8700000)
  to   space 8192K, 0% used [0x00000000f8980000,0x00000000f8980000,0x00000000f9180000)
 ParOldGen       total 349696K, used 349690K [0x00000000e0000000, 0x00000000f5580000, 0x00000000f5580000)
  object space 349696K, 99% used [0x00000000e0000000,0x00000000f557ebf0,0x00000000f5580000)
 Metaspace       used 55802K, committed 56704K, reserved 1105920K
  class space    used 5550K, committed 5952K, reserved 1048576K
}
Event: 2553.250 GC heap before
{Heap before GC invocations=1278 (full 1179):
 PSYoungGen      total 47104K, used 33791K [0x00000000f5580000, 0x00000000f9180000, 0x0000000100000000)
  eden space 33792K, 99% used [0x00000000f5580000,0x00000000f767ffe0,0x00000000f7680000)
  from space 13312K, 0% used [0x00000000f7a00000,0x00000000f7a00000,0x00000000f8700000)
  to   space 8192K, 0% used [0x00000000f8980000,0x00000000f8980000,0x00000000f9180000)
 ParOldGen       total 349696K, used 349690K [0x00000000e0000000, 0x00000000f5580000, 0x00000000f5580000)
  object space 349696K, 99% used [0x00000000e0000000,0x00000000f557ebf0,0x00000000f5580000)
 Metaspace       used 55802K, committed 56704K, reserved 1105920K
  class space    used 5550K, committed 5952K, reserved 1048576K
}
Event: 2555.188 GC heap after
{Heap after GC invocations=1278 (full 1179):
 PSYoungGen      total 41984K, used 33791K [0x00000000f5580000, 0x00000000f9180000, 0x0000000100000000)
  eden space 33792K, 99% used [0x00000000f5580000,0x00000000f767ff00,0x00000000f7680000)
  from space 8192K, 0% used [0x00000000f8980000,0x00000000f8980000,0x00000000f9180000)
  to   space 13312K, 0% used [0x00000000f7a00000,0x00000000f7a00000,0x00000000f8700000)
 ParOldGen       total 349696K, used 349690K [0x00000000e0000000, 0x00000000f5580000, 0x00000000f5580000)
  object space 349696K, 99% used [0x00000000e0000000,0x00000000f557ebf0,0x00000000f5580000)
 Metaspace       used 55802K, committed 56704K, reserved 1105920K
  class space    used 5550K, committed 5952K, reserved 1048576K
}
Event: 2555.188 GC heap before
{Heap before GC invocations=1279 (full 1180):
 PSYoungGen      total 41984K, used 33791K [0x00000000f5580000, 0x00000000f9180000, 0x0000000100000000)
  eden space 33792K, 99% used [0x00000000f5580000,0x00000000f767fff8,0x00000000f7680000)
  from space 8192K, 0% used [0x00000000f8980000,0x00000000f8980000,0x00000000f9180000)
  to   space 13312K, 0% used [0x00000000f7a00000,0x00000000f7a00000,0x00000000f8700000)
 ParOldGen       total 349696K, used 349694K [0x00000000e0000000, 0x00000000f5580000, 0x00000000f5580000)
  object space 349696K, 99% used [0x00000000e0000000,0x00000000f557fa48,0x00000000f5580000)
 Metaspace       used 55804K, committed 56704K, reserved 1105920K
  class space    used 5550K, committed 5952K, reserved 1048576K
}
Event: 2557.009 GC heap after
{Heap after GC invocations=1279 (full 1180):
 PSYoungGen      total 47104K, used 33790K [0x00000000f5580000, 0x00000000f9180000, 0x0000000100000000)
  eden space 33792K, 99% used [0x00000000f5580000,0x00000000f767fb00,0x00000000f7680000)
  from space 13312K, 0% used [0x00000000f7a00000,0x00000000f7a00000,0x00000000f8700000)
  to   space 8192K, 0% used [0x00000000f8980000,0x00000000f8980000,0x00000000f9180000)
 ParOldGen       total 349696K, used 349693K [0x00000000e0000000, 0x00000000f5580000, 0x00000000f5580000)
  object space 349696K, 99% used [0x00000000e0000000,0x00000000f557f5d0,0x00000000f5580000)
 Metaspace       used 55804K, committed 56704K, reserved 1105920K
  class space    used 5550K, committed 5952K, reserved 1048576K
}
Event: 2557.010 GC heap before
{Heap before GC invocations=1280 (full 1181):
 PSYoungGen      total 47104K, used 33791K [0x00000000f5580000, 0x00000000f9180000, 0x0000000100000000)
  eden space 33792K, 99% used [0x00000000f5580000,0x00000000f767fff8,0x00000000f7680000)
  from space 13312K, 0% used [0x00000000f7a00000,0x00000000f7a00000,0x00000000f8700000)
  to   space 8192K, 0% used [0x00000000f8980000,0x00000000f8980000,0x00000000f9180000)
 ParOldGen       total 349696K, used 349693K [0x00000000e0000000, 0x00000000f5580000, 0x00000000f5580000)
  object space 349696K, 99% used [0x00000000e0000000,0x00000000f557f5d0,0x00000000f5580000)
 Metaspace       used 55804K, committed 56704K, reserved 1105920K
  class space    used 5550K, committed 5952K, reserved 1048576K
}
Event: 2559.084 GC heap after
{Heap after GC invocations=1280 (full 1181):
 PSYoungGen      total 41984K, used 33791K [0x00000000f5580000, 0x00000000f9180000, 0x0000000100000000)
  eden space 33792K, 99% used [0x00000000f5580000,0x00000000f767fe48,0x00000000f7680000)
  from space 8192K, 0% used [0x00000000f8980000,0x00000000f8980000,0x00000000f9180000)
  to   space 13312K, 0% used [0x00000000f7a00000,0x00000000f7a00000,0x00000000f8700000)
 ParOldGen       total 349696K, used 349693K [0x00000000e0000000, 0x00000000f5580000, 0x00000000f5580000)
  object space 349696K, 99% used [0x00000000e0000000,0x00000000f557f5d0,0x00000000f5580000)
 Metaspace       used 55804K, committed 56704K, reserved 1105920K
  class space    used 5550K, committed 5952K, reserved 1048576K
}
Event: 2559.084 GC heap before
{Heap before GC invocations=1281 (full 1182):
 PSYoungGen      total 41984K, used 33791K [0x00000000f5580000, 0x00000000f9180000, 0x0000000100000000)
  eden space 33792K, 99% used [0x00000000f5580000,0x00000000f767fff8,0x00000000f7680000)
  from space 8192K, 0% used [0x00000000f8980000,0x00000000f8980000,0x00000000f9180000)
  to   space 13312K, 0% used [0x00000000f7a00000,0x00000000f7a00000,0x00000000f8700000)
 ParOldGen       total 349696K, used 349693K [0x00000000e0000000, 0x00000000f5580000, 0x00000000f5580000)
  object space 349696K, 99% used [0x00000000e0000000,0x00000000f557f5d0,0x00000000f5580000)
 Metaspace       used 55804K, committed 56704K, reserved 1105920K
  class space    used 5550K, committed 5952K, reserved 1048576K
}
Event: 2561.088 GC heap after
{Heap after GC invocations=1281 (full 1182):
 PSYoungGen      total 47104K, used 33791K [0x00000000f5580000, 0x00000000f9180000, 0x0000000100000000)
  eden space 33792K, 99% used [0x00000000f5580000,0x00000000f767feb8,0x00000000f7680000)
  from space 13312K, 0% used [0x00000000f7a00000,0x00000000f7a00000,0x00000000f8700000)
  to   space 8192K, 0% used [0x00000000f8980000,0x00000000f8980000,0x00000000f9180000)
 ParOldGen       total 349696K, used 349693K [0x00000000e0000000, 0x00000000f5580000, 0x00000000f5580000)
  object space 349696K, 99% used [0x00000000e0000000,0x00000000f557f5d0,0x00000000f5580000)
 Metaspace       used 55804K, committed 56704K, reserved 1105920K
  class space    used 5550K, committed 5952K, reserved 1048576K
}
Event: 2561.089 GC heap before
{Heap before GC invocations=1282 (full 1183):
 PSYoungGen      total 47104K, used 33791K [0x00000000f5580000, 0x00000000f9180000, 0x0000000100000000)
  eden space 33792K, 99% used [0x00000000f5580000,0x00000000f767fff8,0x00000000f7680000)
  from space 13312K, 0% used [0x00000000f7a00000,0x00000000f7a00000,0x00000000f8700000)
  to   space 8192K, 0% used [0x00000000f8980000,0x00000000f8980000,0x00000000f9180000)
 ParOldGen       total 349696K, used 349693K [0x00000000e0000000, 0x00000000f5580000, 0x00000000f5580000)
  object space 349696K, 99% used [0x00000000e0000000,0x00000000f557f5d0,0x00000000f5580000)
 Metaspace       used 55804K, committed 56704K, reserved 1105920K
  class space    used 5550K, committed 5952K, reserved 1048576K
}
Event: 2562.807 GC heap after
{Heap after GC invocations=1282 (full 1183):
 PSYoungGen      total 41984K, used 33791K [0x00000000f5580000, 0x00000000f9180000, 0x0000000100000000)
  eden space 33792K, 99% used [0x00000000f5580000,0x00000000f767feb8,0x00000000f7680000)
  from space 8192K, 0% used [0x00000000f8980000,0x00000000f8980000,0x00000000f9180000)
  to   space 13312K, 0% used [0x00000000f7a00000,0x00000000f7a00000,0x00000000f8700000)
 ParOldGen       total 349696K, used 349693K [0x00000000e0000000, 0x00000000f5580000, 0x00000000f5580000)
  object space 349696K, 99% used [0x00000000e0000000,0x00000000f557f5d0,0x00000000f5580000)
 Metaspace       used 55804K, committed 56704K, reserved 1105920K
  class space    used 5550K, committed 5952K, reserved 1048576K
}
Event: 2562.807 GC heap before
{Heap before GC invocations=1283 (full 1184):
 PSYoungGen      total 41984K, used 33791K [0x00000000f5580000, 0x00000000f9180000, 0x0000000100000000)
  eden space 33792K, 99% used [0x00000000f5580000,0x00000000f767fff8,0x00000000f7680000)
  from space 8192K, 0% used [0x00000000f8980000,0x00000000f8980000,0x00000000f9180000)
  to   space 13312K, 0% used [0x00000000f7a00000,0x00000000f7a00000,0x00000000f8700000)
 ParOldGen       total 349696K, used 349693K [0x00000000e0000000, 0x00000000f5580000, 0x00000000f5580000)
  object space 349696K, 99% used [0x00000000e0000000,0x00000000f557f5d0,0x00000000f5580000)
 Metaspace       used 55804K, committed 56704K, reserved 1105920K
  class space    used 5550K, committed 5952K, reserved 1048576K
}
Event: 2564.749 GC heap after
{Heap after GC invocations=1283 (full 1184):
 PSYoungGen      total 47104K, used 33791K [0x00000000f5580000, 0x00000000f9180000, 0x0000000100000000)
  eden space 33792K, 99% used [0x00000000f5580000,0x00000000f767ff18,0x00000000f7680000)
  from space 13312K, 0% used [0x00000000f7a00000,0x00000000f7a00000,0x00000000f8700000)
  to   space 8192K, 0% used [0x00000000f8980000,0x00000000f8980000,0x00000000f9180000)
 ParOldGen       total 349696K, used 349693K [0x00000000e0000000, 0x00000000f5580000, 0x00000000f5580000)
  object space 349696K, 99% used [0x00000000e0000000,0x00000000f557f5d0,0x00000000f5580000)
 Metaspace       used 55804K, committed 56704K, reserved 1105920K
  class space    used 5550K, committed 5952K, reserved 1048576K
}
Event: 2564.749 GC heap before
{Heap before GC invocations=1284 (full 1185):
 PSYoungGen      total 47104K, used 33791K [0x00000000f5580000, 0x00000000f9180000, 0x0000000100000000)
  eden space 33792K, 99% used [0x00000000f5580000,0x00000000f767ff18,0x00000000f7680000)
  from space 13312K, 0% used [0x00000000f7a00000,0x00000000f7a00000,0x00000000f8700000)
  to   space 8192K, 0% used [0x00000000f8980000,0x00000000f8980000,0x00000000f9180000)
 ParOldGen       total 349696K, used 349693K [0x00000000e0000000, 0x00000000f5580000, 0x00000000f5580000)
  object space 349696K, 99% used [0x00000000e0000000,0x00000000f557f5d0,0x00000000f5580000)
 Metaspace       used 55804K, committed 56704K, reserved 1105920K
  class space    used 5550K, committed 5952K, reserved 1048576K
}
Event: 2566.601 GC heap after
{Heap after GC invocations=1284 (full 1185):
 PSYoungGen      total 41984K, used 33791K [0x00000000f5580000, 0x00000000f9180000, 0x0000000100000000)
  eden space 33792K, 99% used [0x00000000f5580000,0x00000000f767ff18,0x00000000f7680000)
  from space 8192K, 0% used [0x00000000f8980000,0x00000000f8980000,0x00000000f9180000)
  to   space 13312K, 0% used [0x00000000f7a00000,0x00000000f7a00000,0x00000000f8700000)
 ParOldGen       total 349696K, used 349693K [0x00000000e0000000, 0x00000000f5580000, 0x00000000f5580000)
  object space 349696K, 99% used [0x00000000e0000000,0x00000000f557f5d0,0x00000000f5580000)
 Metaspace       used 55804K, committed 56704K, reserved 1105920K
  class space    used 5550K, committed 5952K, reserved 1048576K
}

